Sender: LSF System <lsfadmin@ib022>
Subject: Job 103200: <Good_Job_all> Exited

Job <Good_Job_all> was submitted from host <eris1n3> by user <qz062> in cluster <cmucluster>.
Job was executed on host(s) <4*ib022>, in queue <medium>, as user <qz062> in cluster <cmucluster>.
</PHShome/qz062> was used as the home directory.
</PHShome/qz062/UPO/Baidu_competition/Fusai/code/Code_UserID_feature/Normal_global_simple_1> was used as the working directory.
Started at Wed Jul  3 10:40:46 2019
Results reported at Wed Jul  3 10:40:46 2019

Your job looked like:

------------------------------------------------------------
# LSBATCH: User input
#!/bin/bash
#BSUB -J Good_Job_all
#BSUB -o output/Good_Job_0-%J.out
#BSUB -e output/Good_Job_0-%J.err
#BSUB -n 4


# This is a sample script to test submission to LSF and the job environment
# Choose a queue that you have access (eg the normal queue) and submit
# job as follows:
# ---
# cd ~/lsf
# bsub -q normal < Good_Job_0.lsf
# bjobs a
# ## # # B S U B -R "rusage[mem=16384]" Good_Job
# ---
# Then look in the ~/lsf/output folder for the script log
# that matches the job ID number

# module load anaconda/3-5.0.1
# Please make a copy of this script for your own modifications

# python /PHShome/qz062/tree/UPO/Baidu_competition/code/visit/feature_extract/code_20190607_1/Compute_distributed/main_part_00.py
python norma_globall.py
------------------------------------------------------------

Exited with exit code 1.

Resource usage summary:

    CPU time   :      0.10 sec.
    Max Memory :         5 MB
    Max Swap   :        31 MB

    Max Processes  :         1
    Max Threads    :         1

The output (if any) follows:



PS:

Read file <output/Good_Job_0-103200.err> for stderr output of this job.

